<?xml version="1.0" encoding="UTF-8"?>
<!-- Generated by org.testng.reporters.JUnitXMLReporter -->
<testsuite ignored="6" hostname="DESKTOP-SQPH7Q1" failures="0" tests="1" name="Default test" time="0.034" errors="0" timestamp="2026-03-22T19:13:14 IST">
  <testcase classname="com.linkedin.tests.LinkedInJobSearchTest" name="@BeforeClass initPages" time="0.001">
    <failure type="java.lang.RuntimeException" message="Failed to open Excel file: src\test\resources\TestData.xlsx (The system cannot find the file specified)">
      <![CDATA[java.lang.RuntimeException: Failed to open Excel file: src\test\resources\TestData.xlsx (The system cannot find the file specified)
at com.linkedin.utils.ExcelReader.<init>(ExcelReader.java:39)
at com.linkedin.tests.LinkedInJobSearchTest.initPages(LinkedInJobSearchTest.java:45)
at java.base/jdk.internal.reflect.DirectMethodHandleAccessor.invoke(DirectMethodHandleAccessor.java:103)
at java.base/java.lang.reflect.Method.invoke(Method.java:580)
at org.testng.internal.invokers.MethodInvocationHelper.invokeMethod(MethodInvocationHelper.java:139)
at org.testng.internal.invokers.MethodInvocationHelper.invokeMethodConsideringTimeout(MethodInvocationHelper.java:69)
at org.testng.internal.invokers.ConfigInvoker.invokeConfigurationMethod(ConfigInvoker.java:393)
at org.testng.internal.invokers.ConfigInvoker.invokeConfigurations(ConfigInvoker.java:326)
at org.testng.internal.invokers.TestMethodWorker.invokeBeforeClassMethods(TestMethodWorker.java:180)
at org.testng.internal.invokers.TestMethodWorker.run(TestMethodWorker.java:122)
at java.base/java.util.ArrayList.forEach(ArrayList.java:1597)
at org.testng.TestRunner.privateRun(TestRunner.java:819)
at org.testng.TestRunner.run(TestRunner.java:619)
at org.testng.SuiteRunner.runTest(SuiteRunner.java:443)
at org.testng.SuiteRunner.runSequentially(SuiteRunner.java:437)
at org.testng.SuiteRunner.privateRun(SuiteRunner.java:397)
at org.testng.SuiteRunner.run(SuiteRunner.java:336)
at org.testng.SuiteRunnerWorker.runSuite(SuiteRunnerWorker.java:52)
at org.testng.SuiteRunnerWorker.run(SuiteRunnerWorker.java:95)
at org.testng.TestNG.runSuitesSequentially(TestNG.java:1301)
at org.testng.TestNG.runSuitesLocally(TestNG.java:1228)
at org.testng.TestNG.runSuites(TestNG.java:1134)
at org.testng.TestNG.run(TestNG.java:1101)
at org.testng.remote.AbstractRemoteTestNG.run(AbstractRemoteTestNG.java:115)
at org.testng.remote.RemoteTestNG.initAndRun(RemoteTestNG.java:293)
at org.testng.remote.RemoteTestNG.main(RemoteTestNG.java:91)
]]>
    </failure>
  </testcase> <!-- @BeforeClass initPages -->
  <testcase classname="com.linkedin.base.BaseTest" name="@BeforeMethod setUp" time="0.0">
    <skipped/>
  </testcase> <!-- @BeforeMethod setUp -->
  <testcase classname="com.linkedin.base.BaseTest" name="@AfterMethod tearDown" time="0.0">
    <skipped/>
  </testcase> <!-- @AfterMethod tearDown -->
  <testcase classname="com.linkedin.tests.LinkedInJobSearchTest" name="@AfterClass closeExcel" time="0.0">
    <skipped/>
  </testcase> <!-- @AfterClass closeExcel -->
  <testcase classname="com.linkedin.tests.LinkedInJobSearchTest" name="tc001_loginWithValidCredentials" time="0.0">
    <skipped/>
  </testcase> <!-- tc001_loginWithValidCredentials -->
  <testcase classname="com.linkedin.tests.LinkedInJobSearchTest" name="tc006_apiReachabilityCheck" time="0.0">
    <ignored/>
  </testcase> <!-- tc006_apiReachabilityCheck -->
  <testcase classname="com.linkedin.tests.LinkedInJobSearchTest" name="tc004_verifyJobResultCards" time="0.0">
    <ignored/>
  </testcase> <!-- tc004_verifyJobResultCards -->
  <testcase classname="com.linkedin.tests.LinkedInJobSearchTest" name="tc003_searchForJobs" time="0.0">
    <ignored/>
  </testcase> <!-- tc003_searchForJobs -->
  <testcase classname="com.linkedin.tests.LinkedInJobSearchTest" name="tc005_clickFirstJobCard" time="0.0">
    <ignored/>
  </testcase> <!-- tc005_clickFirstJobCard -->
  <testcase classname="com.linkedin.tests.LinkedInJobSearchTest" name="tc007_apiJobSearchReturns200" time="0.0">
    <ignored/>
  </testcase> <!-- tc007_apiJobSearchReturns200 -->
  <testcase classname="com.linkedin.tests.LinkedInJobSearchTest" name="tc002_navigateToJobsPage" time="0.0">
    <ignored/>
  </testcase> <!-- tc002_navigateToJobsPage -->
</testsuite> <!-- Default test -->
